logging output to logs/2024-08-18_18-37-28.log

================================================================================
Switch 2.0.9, https://switch-model.org
================================================================================
Arguments:
    retire_time='early', save_expressions=['GenCapacity'], log_run_to_file=True,
    logs_dir='logs', log_level='info', module_list='modules_MIP.txt',
    inputs_dir='/Users/rangrang/Desktop/SWITCH-electricity-
    gas/pj/test/2025/all_in', solver='gurobi', solver_manager='serial',
    solver_options_string='method=2 crossover=0', tee=True,
    outputs_dir='/Users/rangrang/Desktop/SWITCH-electricity-
    gas/pj/test/2025/all_out', no_save_solution=True, interact_color='NoColor',
    verbose=True

Modules:
    switch_model, switch_model.timescales, switch_model.financials,
    switch_model.balancing.load_zones, switch_model.balancing.unserved_load,
    switch_model.energy_sources.properties, switch_model.generators.core.build,
    switch_model.generators.core.dispatch, switch_model.reporting,
    switch_model.generators.core.no_commit,
    switch_model.generators.extensions.storage,
    switch_model.generators.extensions.hydro_system,
    switch_model.energy_sources.fuel_costs.simple,
    switch_model.transmission.transport.build,
    switch_model.transmission.transport.dispatch,
    mip_modules.gen_amortization_period, mip_modules.carbon_policies_regional,
    mip_modules.min_capacity_constraint, mip_modules.rps_regional,
    mip_modules.trans_path_expansion_limit,
    electricity_gas_modules.gas_network_build,
    electricity_gas_modules.gas_wells_build,
    electricity_gas_modules.LNG_build_balance,
    electricity_gas_modules.gas_network_balance,
    electricity_gas_modules.gas_balance_constraint,
    electricity_gas_modules.gas_consumption_constraint, switch_model.solve
================================================================================

Model defined in 0.02 s.

Loading inputs...
Data read in 45.71 s.

Constructing model instance from data and rules...
Constructed 1 of 501 components (0%)
Constructed 51 of 501 components (10%)
Constructed 101 of 501 components (20%)
Constructed 151 of 501 components (30%)
Constructed 201 of 501 components (40%)
Constructed 251 of 501 components (50%)
Constructed 301 of 501 components (60%)
Constructed 351 of 501 components (70%)
Constructed 401 of 501 components (80%)
Constructed 451 of 501 components (90%)
Constructed 501 of 501 components (100%)
Model instance constructed in 539.33 s.

Executing pre-solve functions...
Completed pre-solve processing in 0.00 s.

Solving model...
--------------------------------- solver output --------------------------------
Set parameter Username
Academic license - for non-commercial use only - expires 2024-09-10
Read LP format model from file /var/folders/py/s6zqkvnx6ql65xs4098nkhrc0000gn/T/tmpv307aku5.pyomo.lp
Reading time = 66.55 seconds
x1: 27973109 rows, 28483565 columns, 185967467 nonzeros
Set parameter QCPDual to value 1
Set parameter Method to value 2
Set parameter Crossover to value 0
Gurobi Optimizer version 10.0.2 build v10.0.2rc0 (mac64[arm])

CPU model: Apple M2 Max
Thread count: 12 physical cores, 12 logical processors, using up to 12 threads

Optimize a model with 27973109 rows, 28483565 columns and 185967467 nonzeros
Model fingerprint: 0x80151f43
Variable types: 28481941 continuous, 1624 integer (0 binary)
Coefficient statistics:
  Matrix range     [2e-09, 1e+04]
  Objective range  [2e-01, 2e+10]
  Bounds range     [4e-02, 6e+09]
  RHS range        [5e-02, 6e+09]
Warning: Model contains large matrix coefficient range
Warning: Model contains large objective coefficients
Warning: Model contains large rhs
Warning: Model contains large bounds
         Consider reformulating model or setting NumericFocus parameter
         to avoid numerical issues.
Presolve removed 1511330 rows and 1947106 columns (presolve time = 7s) ...
Presolve removed 1512168 rows and 1947106 columns (presolve time = 11s) ...
Presolve removed 9898169 rows and 1952094 columns (presolve time = 17s) ...
Presolve removed 16343881 rows and 10344802 columns (presolve time = 20s) ...
Presolve removed 16343881 rows and 10386579 columns (presolve time = 27s) ...
Presolve removed 16343881 rows and 10615358 columns (presolve time = 30s) ...
Presolve removed 16344370 rows and 10615847 columns (presolve time = 35s) ...
Presolve removed 16344370 rows and 10615847 columns (presolve time = 40s) ...
Presolve removed 16344370 rows and 10615847 columns (presolve time = 45s) ...
Presolve removed 16345554 rows and 10615847 columns (presolve time = 50s) ...
Presolve removed 16345554 rows and 10615847 columns (presolve time = 55s) ...
Presolve removed 16345798 rows and 10616091 columns (presolve time = 61s) ...
Presolve removed 16345798 rows and 10616091 columns (presolve time = 65s) ...
Presolve removed 16345798 rows and 10616091 columns (presolve time = 71s) ...
Presolve removed 16345798 rows and 10616091 columns (presolve time = 75s) ...
Presolve removed 16345798 rows and 10616091 columns (presolve time = 81s) ...
Presolve removed 16345798 rows and 10616091 columns
Presolve time: 80.77s
Presolved: 11627311 rows, 17867474 columns, 56381506 nonzeros
Variable types: 17867394 continuous, 80 integer (3 binary)
