logging output to logs/2024-08-11_15-54-00.log

================================================================================
Switch 2.0.9, https://switch-model.org
================================================================================
Arguments:
    retire_time='early', save_expressions=['GenCapacity'], log_run_to_file=True,
    logs_dir='logs', log_level='info', module_list='modules_MIP.txt',
    inputs_dir='/Users/rangrang/Desktop/SWITCH-electricity-
    gas/pj/test/2025/base_2025', solver='gurobi', solver_manager='serial',
    solver_options_string='method=2 crossover=0', tee=True,
    outputs_dir='/Users/rangrang/Desktop/SWITCH-electricity-gas/pj/test',
    no_save_solution=True, interact_color='NoColor', verbose=True

Modules:
    switch_model, switch_model.timescales, switch_model.financials,
    switch_model.balancing.load_zones, switch_model.balancing.unserved_load,
    switch_model.energy_sources.properties, switch_model.generators.core.build,
    switch_model.generators.core.dispatch, switch_model.reporting,
    switch_model.generators.core.no_commit,
    switch_model.generators.extensions.storage,
    switch_model.generators.extensions.hydro_system,
    switch_model.energy_sources.fuel_costs.simple,
    switch_model.transmission.transport.build,
    switch_model.transmission.transport.dispatch,
    mip_modules.gen_amortization_period, mip_modules.carbon_policies_regional,
    mip_modules.min_capacity_constraint, mip_modules.rps_regional,
    mip_modules.trans_path_expansion_limit, switch_model.solve
================================================================================

Model defined in 0.02 s.

Loading inputs...
Data read in 54.72 s.

Constructing model instance from data and rules...
Constructed 1 of 305 components (0%)
Constructed 31 of 305 components (10%)
Constructed 61 of 305 components (20%)
Constructed 92 of 305 components (30%)
Constructed 122 of 305 components (40%)
Constructed 153 of 305 components (50%)
Constructed 183 of 305 components (60%)
Constructed 214 of 305 components (70%)
Constructed 244 of 305 components (80%)
Constructed 275 of 305 components (90%)
Constructed 305 of 305 components (100%)
Model instance constructed in 564.64 s.

Executing pre-solve functions...
Completed pre-solve processing in 0.00 s.

Solving model...
--------------------------------- solver output --------------------------------
Set parameter Username
Academic license - for non-commercial use only - expires 2024-09-10
Read LP format model from file /var/folders/py/s6zqkvnx6ql65xs4098nkhrc0000gn/T/tmp8se67tp0.pyomo.lp
Reading time = 65.63 seconds
x1: 29243069 rows, 28868050 columns, 177325847 nonzeros
Set parameter Method to value 2
Set parameter Crossover to value 0
Gurobi Optimizer version 10.0.2 build v10.0.2rc0 (mac64[arm])

CPU model: Apple M2 Max
Thread count: 12 physical cores, 12 logical processors, using up to 12 threads

Optimize a model with 29243069 rows, 28868050 columns and 177325847 nonzeros
Model fingerprint: 0xaca65a36
Coefficient statistics:
  Matrix range     [2e-09, 3e+02]
  Objective range  [4e-01, 2e+10]
  Bounds range     [4e-02, 1e+05]
  RHS range        [5e-02, 9e+08]
Warning: Model contains large objective coefficients
         Consider reformulating model or setting NumericFocus parameter
         to avoid numerical issues.
Presolve removed 10031612 rows and 3795832 columns (presolve time = 7s) ...
Presolve removed 10031612 rows and 3795832 columns (presolve time = 10s) ...
Presolve removed 10033880 rows and 4050000 columns (presolve time = 15s) ...
Presolve removed 16275056 rows and 10291176 columns (presolve time = 26s) ...
Presolve removed 16461797 rows and 10477917 columns (presolve time = 31s) ...
Presolve removed 16461797 rows and 10477917 columns (presolve time = 37s) ...
Presolve removed 16461797 rows and 10477917 columns (presolve time = 41s) ...
Presolve removed 16461797 rows and 10478406 columns (presolve time = 45s) ...
Presolve removed 16461797 rows and 10557030 columns (presolve time = 50s) ...
Presolve removed 16461797 rows and 10557030 columns
Presolve time: 53.07s
Presolved: 12781272 rows, 18311020 columns, 61255482 nonzeros
Elapsed ordering time = 5s
Elapsed ordering time = 11s
Elapsed ordering time = 15s
Elapsed ordering time = 20s
Elapsed ordering time = 25s
Ordering time: 28.40s

Barrier statistics:
 Dense cols : 2836
 AA' NZ     : 3.998e+07
 Factor NZ  : 3.835e+08 (roughly 16.0 GB of memory)
 Factor Ops : 7.563e+11 (roughly 2 seconds per iteration)
 Threads    : 12

                  Objective                Residual
Iter       Primal          Dual         Primal    Dual     Compl     Time
   0   2.32553144e+19 -2.79908504e+18  1.69e+14 3.34e+05  2.28e+15    95s
   1   2.31419418e+19 -2.80648292e+18  1.68e+14 3.23e+07  2.11e+15    99s
   2   2.00566821e+19 -2.85229397e+18  1.43e+14 2.08e+07  1.69e+15   105s
   3   1.60254824e+19 -3.24621121e+18  1.11e+14 6.46e+07  1.25e+15   111s
   4   1.31233919e+19 -3.26046047e+18  9.04e+13 6.04e+07  1.04e+15   119s
   5   1.18791955e+19 -3.57502644e+18  8.14e+13 6.61e+07  8.93e+14   125s
   6   7.38560483e+18 -3.75080155e+18  5.06e+13 7.37e+07  5.59e+14   133s
   7   3.58599213e+18 -3.77751663e+18  2.42e+13 5.93e+08  2.76e+14   140s
   8   2.55890517e+18 -3.78789052e+18  1.72e+13 1.39e+09  2.01e+14   147s
   9   2.16251075e+18 -3.78256550e+18  1.45e+13 4.01e+09  1.69e+14   154s
  10   1.82250554e+18 -3.77265292e+18  1.22e+13 2.58e+09  1.40e+14   161s
  11   1.34644282e+18 -3.77928061e+18  8.97e+12 9.99e+09  1.01e+14   168s
  12   7.18794940e+17 -3.80766668e+18  4.70e+12 5.91e+09  5.62e+13   179s
  13   3.28955475e+17 -3.81810096e+18  1.98e+12 2.94e+09  2.57e+13   189s
  14   1.49165969e+17 -3.72589640e+18  7.14e+11 1.34e+09  1.01e+13   198s
  15   7.63057848e+16 -3.45604509e+18  2.04e+11 7.42e+08  3.55e+12   206s
  16   6.18678797e+16 -3.08531325e+18  1.07e+11 4.69e+08  2.03e+12   212s
  17   5.62552931e+16 -2.71518957e+18  6.77e+10 3.22e+08  1.35e+12   217s
  18   5.07810685e+16 -1.74615118e+18  3.18e+10 9.43e+07  5.74e+11   223s
  19   4.35391168e+16 -7.76374465e+17  2.55e+09 1.58e+05  6.61e+10   228s
  20   2.88385122e+16 -3.31369893e+17  6.15e+08 3.81e+04  1.91e+10   233s
  21   1.66283776e+16 -1.03153289e+17  1.81e+08 7.77e+03  5.12e+09   239s
  22   6.69287249e+15 -3.02602636e+16  2.53e+07 1.81e+03  1.23e+09   244s
  23   2.18298530e+15 -1.50216251e+16  3.40e+06 8.38e+02  5.05e+08   249s
  24   1.19369258e+15 -5.24683040e+15  1.47e+06 2.75e+02  1.84e+08   254s
  25   4.60746649e+14 -2.03654813e+15  4.30e+05 1.01e+02  6.97e+07   259s
  26   1.22481392e+14 -2.68133158e+14  9.01e+04 1.23e+01  1.08e+07   265s
  27   5.58816937e+13 -2.03573639e+14  3.80e+04 9.17e+00  7.14e+06   270s
  28   3.33743636e+13 -1.42049287e+14  2.08e+04 6.24e+00  4.83e+06   275s
  29   2.18866752e+13 -9.69213297e+13  1.05e+04 4.15e+00  3.27e+06   280s
  30   1.28447528e+13 -7.43368644e+13  3.72e+03 3.15e+00  2.40e+06   286s
  31   1.21838132e+13 -7.04035444e+13  3.43e+03 2.98e+00  2.27e+06   291s
  32   8.81911926e+12 -3.72971927e+13  8.46e+02 1.58e+00  1.27e+06   296s
  33   6.28841733e+12 -2.90004035e+13  3.68e+02 1.24e+00  9.70e+05   303s
  34   5.47649718e+12 -1.84989846e+13  2.03e+02 7.81e-01  6.59e+05   308s
  35   3.97790057e+12 -1.21778057e+13  2.95e-02 5.15e-01  4.44e+05   313s
  36   2.90384897e+12 -7.90055022e+12  1.49e-02 3.38e-01  2.97e+05   320s
  37   1.97338409e+12 -4.20648707e+12  6.40e-03 1.82e-01  1.70e+05   327s
  38   1.53170443e+12 -2.56234391e+12  3.78e-03 1.16e-01  1.12e+05   336s
  39   1.18229199e+12 -1.59289879e+12  2.09e-03 8.05e-02  7.63e+04   344s
  40   1.03688440e+12 -1.00181157e+12  1.60e-03 5.73e-02  5.60e+04   351s
  41   9.62261606e+11 -7.10024992e+11  1.37e-03 4.64e-02  4.59e+04   356s
  42   9.27978985e+11 -5.26011401e+11  1.27e-03 3.92e-02  4.00e+04   361s
  43   8.34623313e+11 -2.40496507e+11  1.04e-03 2.65e-02  2.95e+04   368s
  44   6.86028780e+11 -5.37317401e+10  6.87e-04 1.83e-02  2.03e+04   375s
  45   6.24551955e+11  9.32715503e+10  5.50e-04 1.15e-02  1.46e+04   384s
  46   5.55036033e+11  1.92060184e+11  4.05e-04 7.09e-03  9.97e+03   394s
  47   5.29005152e+11  2.19886451e+11  3.52e-04 5.86e-03  8.49e+03   404s
  48   5.06001067e+11  2.39600305e+11  3.06e-04 4.98e-03  7.32e+03   414s
  49   4.93357827e+11  2.49033126e+11  2.80e-04 4.55e-03  6.71e+03   425s
  50   4.67095889e+11  2.67113389e+11  2.28e-04 3.73e-03  5.49e+03   435s
  51   4.45732824e+11  2.83152745e+11  1.85e-04 3.01e-03  4.47e+03   444s
  52   4.36715464e+11  2.95007230e+11  1.68e-04 2.47e-03  3.89e+03   454s
  53   4.23928881e+11  3.08176781e+11  1.43e-04 1.87e-03  3.18e+03   465s
  54   4.14549688e+11  3.17218863e+11  1.26e-04 1.45e-03  2.67e+03   475s
  55   4.02134695e+11  3.23525793e+11  1.02e-04 1.14e-03  2.16e+03   484s
  56   3.91629817e+11  3.29547741e+11  8.29e-05 8.48e-04  1.71e+03   494s
  57   3.85942813e+11  3.32612522e+11  7.22e-05 6.92e-04  1.47e+03   504s
  58   3.80168845e+11  3.34611124e+11  6.19e-05 5.94e-04  1.25e+03   513s
  59   3.74151214e+11  3.37411750e+11  5.08e-05 4.52e-04  1.01e+03   524s
  60   3.69914232e+11  3.38352792e+11  4.29e-05 4.05e-04  8.67e+02   531s
  61   3.65617266e+11  3.40235745e+11  3.50e-05 3.08e-04  6.97e+02   542s
  62   3.62390578e+11  3.41550168e+11  2.91e-05 2.39e-04  5.73e+02   552s
  63   3.60154574e+11  3.42310147e+11  2.50e-05 1.97e-04  4.90e+02   560s
  64   3.57745966e+11  3.43214179e+11  2.07e-05 1.48e-04  3.99e+02   570s
  65   3.55716767e+11  3.43707383e+11  1.71e-05 1.20e-04  3.30e+02   581s
  66   3.53780191e+11  3.44103116e+11  1.38e-05 9.93e-05  2.66e+02   591s
  67   3.52345510e+11  3.44451555e+11  1.12e-05 7.95e-05  2.17e+02   601s
  68   3.50947881e+11  3.44712007e+11  8.84e-06 6.46e-05  1.71e+02   611s
  69   3.50001233e+11  3.44985745e+11  7.45e-06 4.87e-05  1.38e+02   621s
  70   3.49311196e+11  3.45111989e+11  6.37e-06 4.13e-05  1.15e+02   631s
  71   3.48520218e+11  3.45226400e+11  4.95e-06 3.46e-05  9.05e+01   642s
  72   3.48024897e+11  3.45349016e+11  4.17e-06 2.73e-05  7.35e+01   652s
  73   3.47679397e+11  3.45429764e+11  3.53e-06 2.25e-05  6.18e+01   662s
  74   3.47425334e+11  3.45474843e+11  3.11e-06 1.98e-05  5.36e+01   672s
  75   3.47171762e+11  3.45556497e+11  2.68e-06 1.51e-05  4.44e+01   682s
  76   3.46920203e+11  3.45580428e+11  2.19e-06 1.36e-05  3.68e+01   693s
  77   3.46876374e+11  3.45600238e+11  2.12e-06 1.25e-05  3.51e+01   706s
  78   3.46787276e+11  3.45627916e+11  1.96e-06 1.08e-05  3.19e+01   718s
  79   3.46608491e+11  3.45641046e+11  1.61e-06 1.00e-05  2.66e+01   731s
  80   3.46475072e+11  3.45666210e+11  1.37e-06 8.43e-06  2.22e+01   741s
  81   3.46399933e+11  3.45681103e+11  1.24e-06 7.54e-06  1.98e+01   752s
  82   3.46299651e+11  3.45695811e+11  1.03e-06 6.66e-06  1.66e+01   765s
  83   3.46268499e+11  3.45710222e+11  9.72e-07 5.79e-06  1.53e+01   778s
  84   3.46174085e+11  3.45715386e+11  7.73e-07 5.48e-06  1.26e+01   792s
  85   3.46147402e+11  3.45726176e+11  7.17e-07 4.85e-06  1.16e+01   805s
  86   3.46109058e+11  3.45741026e+11  6.46e-07 3.97e-06  1.01e+01   819s
  87   3.46086836e+11  3.45744242e+11  5.98e-07 3.77e-06  9.41e+00   833s
  88   3.46038674e+11  3.45754571e+11  5.06e-07 3.16e-06  7.81e+00   846s
  89   3.45981570e+11  3.45764197e+11  3.94e-07 2.58e-06  5.97e+00   859s
  90   3.45946181e+11  3.45769758e+11  3.39e-07 2.25e-06  4.85e+00   870s
  91   3.45930603e+11  3.45775035e+11  3.04e-07 1.95e-06  4.27e+00   879s
  92   3.45911367e+11  3.45779895e+11  2.61e-07 1.67e-06  3.61e+00   891s
  93   3.45900802e+11  3.45787173e+11  2.37e-07 1.24e-06  3.12e+00   905s
  94   3.45887586e+11  3.45789128e+11  2.03e-07 1.13e-06  2.71e+00   915s
  95   3.45874848e+11  3.45792854e+11  1.74e-07 9.04e-07  2.25e+00   929s
  96   3.45868957e+11  3.45795176e+11  1.60e-07 7.65e-07  2.03e+00   939s
  97   3.45856475e+11  3.45796871e+11  1.27e-07 6.65e-07  1.64e+00   951s
  98   3.45849433e+11  3.45798995e+11  1.10e-07 5.43e-07  1.39e+00   965s
  99   3.45837983e+11  3.45799872e+11  7.95e-08 4.92e-07  1.05e+00   980s
 100   3.45832336e+11  3.45801812e+11  6.57e-08 3.80e-07  8.39e-01   994s
 101   3.45825000e+11  3.45803562e+11  4.92e-08 2.77e-07  5.89e-01  1009s
 102   3.45821743e+11  3.45805308e+11  4.26e-08 2.09e-07  4.52e-01  1021s
 103   3.45819338e+11  3.45805645e+11  3.55e-08 4.16e-07  3.76e-01  1032s
 104   3.45815461e+11  3.45806782e+11  2.38e-08 3.27e-07  2.38e-01  1046s
 105   3.45813209e+11  3.45807304e+11  1.71e-08 2.75e-07  1.62e-01  1060s
 106   3.45811533e+11  3.45807768e+11  1.21e-08 1.78e-07  1.03e-01  1075s
 107   3.45810859e+11  3.45807884e+11  9.62e-09 3.28e-07  8.17e-02  1090s
 108   3.45809465e+11  3.45808153e+11  4.55e-09 3.35e-07  3.61e-02  1102s
 109   3.45809198e+11  3.45808181e+11  3.42e-09 2.37e-07  2.79e-02  1112s
 110   3.45808806e+11  3.45808238e+11  2.82e-07 1.68e-07  1.56e-02  1120s
 111   3.45808758e+11  3.45808298e+11  2.48e-07 1.75e-07  1.26e-02  1127s
 112   3.45808709e+11  3.45808324e+11  2.14e-07 3.50e-07  1.06e-02  1134s
 113   3.45808562e+11  3.45808355e+11  1.13e-07 3.43e-07  5.70e-03  1140s
 114   3.45808468e+11  3.45808363e+11  4.71e-08 2.60e-07  2.88e-03  1147s
 115   3.45808438e+11  3.45808370e+11  2.83e-08 1.94e-07  1.87e-03  1154s
 116   3.45808401e+11  3.45808387e+11  7.31e-08 2.52e-07  3.81e-04  1160s
 117   3.45808398e+11  3.45808392e+11  3.79e-06 6.41e-07  1.72e-04  1166s
 118   3.45808394e+11  3.45808392e+11  6.43e-05 5.36e-07  4.99e-05  1171s
 119   3.45808393e+11  3.45808393e+11  6.67e-06 1.16e-06  4.71e-06  1176s
 120   3.45808393e+11  3.45808393e+11  8.48e-07 5.87e-06  5.92e-07  1182s
 121   3.45808393e+11  3.45808393e+11  3.02e-01 3.46e-06  1.29e-08  1187s
 122   3.45808393e+11  3.45808393e+11  1.25e-02 3.78e-06  4.24e-12  1192s

Barrier solved model in 122 iterations and 1191.93 seconds (2581.40 work units)
Optimal objective 3.45808393e+11

---------------------------- end of solver output ----------------------------

Solver finished. Total time spent in solver: 2057.37 s.

Optimization termination condition was optimal.
Solver message: Model was solved to optimality (subject to tolerances), and an optimal solution is available.

The --no-save-solution option is deprecated because it is now the default setting. This flag will raise an error in future versions of Switch. Please use the --save-solution-file option if you want to save a results.pickle file.

Executing post-solve functions...
Completed post-solve processing in 1052.60 s.

Switch completed successfully in 3757.59 s.
================================================================================

